Feature analyses output directory: /cerebro/cerebro1/dataset/bmpd/derivatives/Aging_project//figures/f02_functional_sc/preprint2025/features/brain/schaefer200_cobra//

Analyzing 67 participant(s)

The timeseries were already extracted, loading them ...
/cerebro/cerebro1/dataset/bmpd/derivatives/Aging_project/2025_brsc_aging_project//code/sim_matrix.py:126: RuntimeWarning: Mean of empty slice
  mean_sim_matrix = np.nanmean(np.stack(all_sim_matrix), axis=0)
loading
loading
loading
loading
loading
loading
loading
loading
loading
loading
loading
loading
loading
loading
loading
loading
loading
loading
loading
loading
loading
loading
loading
loading
loading
loading
loading
loading
loading
loading
loading
loading
loading
loading
loading
loading
loading
loading
loading
loading
loading
loading
loading
loading
loading
loading
loading
loading
loading
loading
loading
loading
loading
loading
loading
loading
loading
loading
loading
loading
loading
loading
loading
loading
loading
loading
loading
/export02/data/landelle/anaconda/envs/CL_brsc_aging_env_py10/lib/python3.10/site-packages/statsmodels/regression/mixed_linear_model.py:2054: UserWarning: The random effects covariance matrix is singular.
  warnings.warn(_warn_cov_sing)
/export02/data/landelle/anaconda/envs/CL_brsc_aging_env_py10/lib/python3.10/site-packages/statsmodels/regression/mixed_linear_model.py:2245: UserWarning: The random effects covariance matrix is singular.
  warnings.warn(_warn_cov_sing)
/export02/data/landelle/anaconda/envs/CL_brsc_aging_env_py10/lib/python3.10/site-packages/statsmodels/regression/mixed_linear_model.py:2054: UserWarning: The random effects covariance matrix is singular.
  warnings.warn(_warn_cov_sing)
/export02/data/landelle/anaconda/envs/CL_brsc_aging_env_py10/lib/python3.10/site-packages/statsmodels/regression/mixed_linear_model.py:2245: UserWarning: The random effects covariance matrix is singular.
  warnings.warn(_warn_cov_sing)
/export02/data/landelle/anaconda/envs/CL_brsc_aging_env_py10/lib/python3.10/site-packages/statsmodels/regression/mixed_linear_model.py:2054: UserWarning: The random effects covariance matrix is singular.
  warnings.warn(_warn_cov_sing)
/export02/data/landelle/anaconda/envs/CL_brsc_aging_env_py10/lib/python3.10/site-packages/statsmodels/regression/mixed_linear_model.py:2245: UserWarning: The random effects covariance matrix is singular.
  warnings.warn(_warn_cov_sing)
/export02/data/landelle/anaconda/envs/CL_brsc_aging_env_py10/lib/python3.10/site-packages/statsmodels/regression/mixed_linear_model.py:2054: UserWarning: The random effects covariance matrix is singular.
  warnings.warn(_warn_cov_sing)
/export02/data/landelle/anaconda/envs/CL_brsc_aging_env_py10/lib/python3.10/site-packages/statsmodels/regression/mixed_linear_model.py:2245: UserWarning: The random effects covariance matrix is singular.
  warnings.warn(_warn_cov_sing)
/export02/data/landelle/anaconda/envs/CL_brsc_aging_env_py10/lib/python3.10/site-packages/statsmodels/regression/mixed_linear_model.py:2054: UserWarning: The random effects covariance matrix is singular.
  warnings.warn(_warn_cov_sing)
/export02/data/landelle/anaconda/envs/CL_brsc_aging_env_py10/lib/python3.10/site-packages/statsmodels/regression/mixed_linear_model.py:2245: UserWarning: The random effects covariance matrix is singular.
  warnings.warn(_warn_cov_sing)
/export02/data/landelle/anaconda/envs/CL_brsc_aging_env_py10/lib/python3.10/site-packages/statsmodels/regression/mixed_linear_model.py:2054: UserWarning: The random effects covariance matrix is singular.
  warnings.warn(_warn_cov_sing)
/export02/data/landelle/anaconda/envs/CL_brsc_aging_env_py10/lib/python3.10/site-packages/statsmodels/regression/mixed_linear_model.py:2245: UserWarning: The random effects covariance matrix is singular.
  warnings.warn(_warn_cov_sing)
/export02/data/landelle/anaconda/envs/CL_brsc_aging_env_py10/lib/python3.10/site-packages/statsmodels/regression/mixed_linear_model.py:2054: UserWarning: The random effects covariance matrix is singular.
  warnings.warn(_warn_cov_sing)
/export02/data/landelle/anaconda/envs/CL_brsc_aging_env_py10/lib/python3.10/site-packages/statsmodels/regression/mixed_linear_model.py:2245: UserWarning: The random effects covariance matrix is singular.
  warnings.warn(_warn_cov_sing)
/export02/data/landelle/anaconda/envs/CL_brsc_aging_env_py10/lib/python3.10/site-packages/statsmodels/regression/mixed_linear_model.py:2054: UserWarning: The random effects covariance matrix is singular.
  warnings.warn(_warn_cov_sing)
/export02/data/landelle/anaconda/envs/CL_brsc_aging_env_py10/lib/python3.10/site-packages/statsmodels/regression/mixed_linear_model.py:2245: UserWarning: The random effects covariance matrix is singular.
  warnings.warn(_warn_cov_sing)
/export02/data/landelle/anaconda/envs/CL_brsc_aging_env_py10/lib/python3.10/site-packages/statsmodels/regression/mixed_linear_model.py:2054: UserWarning: The random effects covariance matrix is singular.
  warnings.warn(_warn_cov_sing)
/export02/data/landelle/anaconda/envs/CL_brsc_aging_env_py10/lib/python3.10/site-packages/statsmodels/regression/mixed_linear_model.py:2245: UserWarning: The random effects covariance matrix is singular.
  warnings.warn(_warn_cov_sing)
/export02/data/landelle/anaconda/envs/CL_brsc_aging_env_py10/lib/python3.10/site-packages/statsmodels/regression/mixed_linear_model.py:2054: UserWarning: The random effects covariance matrix is singular.
  warnings.warn(_warn_cov_sing)
/export02/data/landelle/anaconda/envs/CL_brsc_aging_env_py10/lib/python3.10/site-packages/statsmodels/regression/mixed_linear_model.py:2245: UserWarning: The random effects covariance matrix is singular.
  warnings.warn(_warn_cov_sing)
/export02/data/landelle/anaconda/envs/CL_brsc_aging_env_py10/lib/python3.10/site-packages/statsmodels/regression/mixed_linear_model.py:2054: UserWarning: The random effects covariance matrix is singular.
  warnings.warn(_warn_cov_sing)
/export02/data/landelle/anaconda/envs/CL_brsc_aging_env_py10/lib/python3.10/site-packages/statsmodels/regression/mixed_linear_model.py:2245: UserWarning: The random effects covariance matrix is singular.
  warnings.warn(_warn_cov_sing)
/export02/data/landelle/anaconda/envs/CL_brsc_aging_env_py10/lib/python3.10/site-packages/statsmodels/regression/mixed_linear_model.py:2054: UserWarning: The random effects covariance matrix is singular.
  warnings.warn(_warn_cov_sing)
/export02/data/landelle/anaconda/envs/CL_brsc_aging_env_py10/lib/python3.10/site-packages/statsmodels/regression/mixed_linear_model.py:2245: UserWarning: The random effects covariance matrix is singular.
  warnings.warn(_warn_cov_sing)
/export02/data/landelle/anaconda/envs/CL_brsc_aging_env_py10/lib/python3.10/site-packages/statsmodels/regression/mixed_linear_model.py:2054: UserWarning: The random effects covariance matrix is singular.
  warnings.warn(_warn_cov_sing)
/export02/data/landelle/anaconda/envs/CL_brsc_aging_env_py10/lib/python3.10/site-packages/statsmodels/regression/mixed_linear_model.py:2245: UserWarning: The random effects covariance matrix is singular.
  warnings.warn(_warn_cov_sing)
/export02/data/landelle/anaconda/envs/CL_brsc_aging_env_py10/lib/python3.10/site-packages/statsmodels/regression/mixed_linear_model.py:2054: UserWarning: The random effects covariance matrix is singular.
  warnings.warn(_warn_cov_sing)
/export02/data/landelle/anaconda/envs/CL_brsc_aging_env_py10/lib/python3.10/site-packages/statsmodels/regression/mixed_linear_model.py:2245: UserWarning: The random effects covariance matrix is singular.
  warnings.warn(_warn_cov_sing)
/export02/data/landelle/anaconda/envs/CL_brsc_aging_env_py10/lib/python3.10/site-packages/statsmodels/regression/mixed_linear_model.py:2054: UserWarning: The random effects covariance matrix is singular.
  warnings.warn(_warn_cov_sing)
/export02/data/landelle/anaconda/envs/CL_brsc_aging_env_py10/lib/python3.10/site-packages/statsmodels/regression/mixed_linear_model.py:2245: UserWarning: The random effects covariance matrix is singular.
  warnings.warn(_warn_cov_sing)
/export02/data/landelle/anaconda/envs/CL_brsc_aging_env_py10/lib/python3.10/site-packages/statsmodels/regression/mixed_linear_model.py:2054: UserWarning: The random effects covariance matrix is singular.
  warnings.warn(_warn_cov_sing)
/export02/data/landelle/anaconda/envs/CL_brsc_aging_env_py10/lib/python3.10/site-packages/statsmodels/regression/mixed_linear_model.py:2245: UserWarning: The random effects covariance matrix is singular.
  warnings.warn(_warn_cov_sing)
/export02/data/landelle/anaconda/envs/CL_brsc_aging_env_py10/lib/python3.10/site-packages/statsmodels/regression/mixed_linear_model.py:2054: UserWarning: The random effects covariance matrix is singular.
  warnings.warn(_warn_cov_sing)
/export02/data/landelle/anaconda/envs/CL_brsc_aging_env_py10/lib/python3.10/site-packages/statsmodels/regression/mixed_linear_model.py:2245: UserWarning: The random effects covariance matrix is singular.
  warnings.warn(_warn_cov_sing)
/export02/data/landelle/anaconda/envs/CL_brsc_aging_env_py10/lib/python3.10/site-packages/statsmodels/regression/mixed_linear_model.py:2054: UserWarning: The random effects covariance matrix is singular.
  warnings.warn(_warn_cov_sing)
/export02/data/landelle/anaconda/envs/CL_brsc_aging_env_py10/lib/python3.10/site-packages/statsmodels/regression/mixed_linear_model.py:2245: UserWarning: The random effects covariance matrix is singular.
  warnings.warn(_warn_cov_sing)
/export02/data/landelle/anaconda/envs/CL_brsc_aging_env_py10/lib/python3.10/site-packages/statsmodels/regression/mixed_linear_model.py:2054: UserWarning: The random effects covariance matrix is singular.
  warnings.warn(_warn_cov_sing)
/export02/data/landelle/anaconda/envs/CL_brsc_aging_env_py10/lib/python3.10/site-packages/statsmodels/regression/mixed_linear_model.py:2245: UserWarning: The random effects covariance matrix is singular.
  warnings.warn(_warn_cov_sing)
/export02/data/landelle/anaconda/envs/CL_brsc_aging_env_py10/lib/python3.10/site-packages/statsmodels/regression/mixed_linear_model.py:2054: UserWarning: The random effects covariance matrix is singular.
  warnings.warn(_warn_cov_sing)
/export02/data/landelle/anaconda/envs/CL_brsc_aging_env_py10/lib/python3.10/site-packages/statsmodels/regression/mixed_linear_model.py:2245: UserWarning: The random effects covariance matrix is singular.
  warnings.warn(_warn_cov_sing)
/export02/data/landelle/anaconda/envs/CL_brsc_aging_env_py10/lib/python3.10/site-packages/statsmodels/regression/mixed_linear_model.py:2054: UserWarning: The random effects covariance matrix is singular.
  warnings.warn(_warn_cov_sing)
/export02/data/landelle/anaconda/envs/CL_brsc_aging_env_py10/lib/python3.10/site-packages/statsmodels/regression/mixed_linear_model.py:2245: UserWarning: The random effects covariance matrix is singular.
  warnings.warn(_warn_cov_sing)
/export02/data/landelle/anaconda/envs/CL_brsc_aging_env_py10/lib/python3.10/site-packages/statsmodels/regression/mixed_linear_model.py:2054: UserWarning: The random effects covariance matrix is singular.
  warnings.warn(_warn_cov_sing)
/export02/data/landelle/anaconda/envs/CL_brsc_aging_env_py10/lib/python3.10/site-packages/statsmodels/regression/mixed_linear_model.py:2245: UserWarning: The random effects covariance matrix is singular.
  warnings.warn(_warn_cov_sing)
/export02/data/landelle/anaconda/envs/CL_brsc_aging_env_py10/lib/python3.10/site-packages/statsmodels/regression/mixed_linear_model.py:2054: UserWarning: The random effects covariance matrix is singular.
  warnings.warn(_warn_cov_sing)
/export02/data/landelle/anaconda/envs/CL_brsc_aging_env_py10/lib/python3.10/site-packages/statsmodels/regression/mixed_linear_model.py:2245: UserWarning: The random effects covariance matrix is singular.
  warnings.warn(_warn_cov_sing)
/export02/data/landelle/anaconda/envs/CL_brsc_aging_env_py10/lib/python3.10/site-packages/statsmodels/regression/mixed_linear_model.py:2054: UserWarning: The random effects covariance matrix is singular.
  warnings.warn(_warn_cov_sing)
/export02/data/landelle/anaconda/envs/CL_brsc_aging_env_py10/lib/python3.10/site-packages/statsmodels/regression/mixed_linear_model.py:2245: UserWarning: The random effects covariance matrix is singular.
  warnings.warn(_warn_cov_sing)
/export02/data/landelle/anaconda/envs/CL_brsc_aging_env_py10/lib/python3.10/site-packages/statsmodels/regression/mixed_linear_model.py:2054: UserWarning: The random effects covariance matrix is singular.
  warnings.warn(_warn_cov_sing)
/export02/data/landelle/anaconda/envs/CL_brsc_aging_env_py10/lib/python3.10/site-packages/statsmodels/regression/mixed_linear_model.py:2245: UserWarning: The random effects covariance matrix is singular.
  warnings.warn(_warn_cov_sing)
/export02/data/landelle/anaconda/envs/CL_brsc_aging_env_py10/lib/python3.10/site-packages/statsmodels/regression/mixed_linear_model.py:2054: UserWarning: The random effects covariance matrix is singular.
  warnings.warn(_warn_cov_sing)
/export02/data/landelle/anaconda/envs/CL_brsc_aging_env_py10/lib/python3.10/site-packages/statsmodels/regression/mixed_linear_model.py:2245: UserWarning: The random effects covariance matrix is singular.
  warnings.warn(_warn_cov_sing)
/export02/data/landelle/anaconda/envs/CL_brsc_aging_env_py10/lib/python3.10/site-packages/statsmodels/regression/mixed_linear_model.py:2054: UserWarning: The random effects covariance matrix is singular.
  warnings.warn(_warn_cov_sing)
/export02/data/landelle/anaconda/envs/CL_brsc_aging_env_py10/lib/python3.10/site-packages/statsmodels/regression/mixed_linear_model.py:2245: UserWarning: The random effects covariance matrix is singular.
  warnings.warn(_warn_cov_sing)
/export02/data/landelle/anaconda/envs/CL_brsc_aging_env_py10/lib/python3.10/site-packages/statsmodels/regression/mixed_linear_model.py:2054: UserWarning: The random effects covariance matrix is singular.
  warnings.warn(_warn_cov_sing)
/export02/data/landelle/anaconda/envs/CL_brsc_aging_env_py10/lib/python3.10/site-packages/statsmodels/regression/mixed_linear_model.py:2245: UserWarning: The random effects covariance matrix is singular.
  warnings.warn(_warn_cov_sing)
/export02/data/landelle/anaconda/envs/CL_brsc_aging_env_py10/lib/python3.10/site-packages/statsmodels/regression/mixed_linear_model.py:2054: UserWarning: The random effects covariance matrix is singular.
  warnings.warn(_warn_cov_sing)
/export02/data/landelle/anaconda/envs/CL_brsc_aging_env_py10/lib/python3.10/site-packages/statsmodels/regression/mixed_linear_model.py:2245: UserWarning: The random effects covariance matrix is singular.
  warnings.warn(_warn_cov_sing)
/export02/data/landelle/anaconda/envs/CL_brsc_aging_env_py10/lib/python3.10/site-packages/statsmodels/regression/mixed_linear_model.py:2054: UserWarning: The random effects covariance matrix is singular.
  warnings.warn(_warn_cov_sing)
/export02/data/landelle/anaconda/envs/CL_brsc_aging_env_py10/lib/python3.10/site-packages/statsmodels/regression/mixed_linear_model.py:2245: UserWarning: The random effects covariance matrix is singular.
  warnings.warn(_warn_cov_sing)
/export02/data/landelle/anaconda/envs/CL_brsc_aging_env_py10/lib/python3.10/site-packages/statsmodels/regression/mixed_linear_model.py:2054: UserWarning: The random effects covariance matrix is singular.
  warnings.warn(_warn_cov_sing)
/export02/data/landelle/anaconda/envs/CL_brsc_aging_env_py10/lib/python3.10/site-packages/statsmodels/regression/mixed_linear_model.py:2245: UserWarning: The random effects covariance matrix is singular.
  warnings.warn(_warn_cov_sing)
/export02/data/landelle/anaconda/envs/CL_brsc_aging_env_py10/lib/python3.10/site-packages/statsmodels/regression/mixed_linear_model.py:2054: UserWarning: The random effects covariance matrix is singular.
  warnings.warn(_warn_cov_sing)
/export02/data/landelle/anaconda/envs/CL_brsc_aging_env_py10/lib/python3.10/site-packages/statsmodels/regression/mixed_linear_model.py:2245: UserWarning: The random effects covariance matrix is singular.
  warnings.warn(_warn_cov_sing)
/export02/data/landelle/anaconda/envs/CL_brsc_aging_env_py10/lib/python3.10/site-packages/statsmodels/regression/mixed_linear_model.py:2054: UserWarning: The random effects covariance matrix is singular.
  warnings.warn(_warn_cov_sing)
/export02/data/landelle/anaconda/envs/CL_brsc_aging_env_py10/lib/python3.10/site-packages/statsmodels/regression/mixed_linear_model.py:2245: UserWarning: The random effects covariance matrix is singular.
  warnings.warn(_warn_cov_sing)
/export02/data/landelle/anaconda/envs/CL_brsc_aging_env_py10/lib/python3.10/site-packages/statsmodels/regression/mixed_linear_model.py:2054: UserWarning: The random effects covariance matrix is singular.
  warnings.warn(_warn_cov_sing)
/export02/data/landelle/anaconda/envs/CL_brsc_aging_env_py10/lib/python3.10/site-packages/statsmodels/regression/mixed_linear_model.py:2245: UserWarning: The random effects covariance matrix is singular.
  warnings.warn(_warn_cov_sing)
/export02/data/landelle/anaconda/envs/CL_brsc_aging_env_py10/lib/python3.10/site-packages/statsmodels/regression/mixed_linear_model.py:2054: UserWarning: The random effects covariance matrix is singular.
  warnings.warn(_warn_cov_sing)
/export02/data/landelle/anaconda/envs/CL_brsc_aging_env_py10/lib/python3.10/site-packages/statsmodels/regression/mixed_linear_model.py:2245: UserWarning: The random effects covariance matrix is singular.
  warnings.warn(_warn_cov_sing)
/export02/data/landelle/anaconda/envs/CL_brsc_aging_env_py10/lib/python3.10/site-packages/statsmodels/regression/mixed_linear_model.py:2054: UserWarning: The random effects covariance matrix is singular.
  warnings.warn(_warn_cov_sing)
/export02/data/landelle/anaconda/envs/CL_brsc_aging_env_py10/lib/python3.10/site-packages/statsmodels/regression/mixed_linear_model.py:2245: UserWarning: The random effects covariance matrix is singular.
  warnings.warn(_warn_cov_sing)
/export02/data/landelle/anaconda/envs/CL_brsc_aging_env_py10/lib/python3.10/site-packages/statsmodels/regression/mixed_linear_model.py:2054: UserWarning: The random effects covariance matrix is singular.
  warnings.warn(_warn_cov_sing)
/export02/data/landelle/anaconda/envs/CL_brsc_aging_env_py10/lib/python3.10/site-packages/statsmodels/regression/mixed_linear_model.py:2245: UserWarning: The random effects covariance matrix is singular.
  warnings.warn(_warn_cov_sing)
/export02/data/landelle/anaconda/envs/CL_brsc_aging_env_py10/lib/python3.10/site-packages/statsmodels/regression/mixed_linear_model.py:2054: UserWarning: The random effects covariance matrix is singular.
  warnings.warn(_warn_cov_sing)
/export02/data/landelle/anaconda/envs/CL_brsc_aging_env_py10/lib/python3.10/site-packages/statsmodels/regression/mixed_linear_model.py:2245: UserWarning: The random effects covariance matrix is singular.
  warnings.warn(_warn_cov_sing)
/export02/data/landelle/anaconda/envs/CL_brsc_aging_env_py10/lib/python3.10/site-packages/statsmodels/regression/mixed_linear_model.py:2054: UserWarning: The random effects covariance matrix is singular.
  warnings.warn(_warn_cov_sing)
/export02/data/landelle/anaconda/envs/CL_brsc_aging_env_py10/lib/python3.10/site-packages/statsmodels/regression/mixed_linear_model.py:2245: UserWarning: The random effects covariance matrix is singular.
  warnings.warn(_warn_cov_sing)
/export02/data/landelle/anaconda/envs/CL_brsc_aging_env_py10/lib/python3.10/site-packages/statsmodels/regression/mixed_linear_model.py:2054: UserWarning: The random effects covariance matrix is singular.
  warnings.warn(_warn_cov_sing)
/export02/data/landelle/anaconda/envs/CL_brsc_aging_env_py10/lib/python3.10/site-packages/statsmodels/regression/mixed_linear_model.py:2245: UserWarning: The random effects covariance matrix is singular.
  warnings.warn(_warn_cov_sing)
/export02/data/landelle/anaconda/envs/CL_brsc_aging_env_py10/lib/python3.10/site-packages/statsmodels/regression/mixed_linear_model.py:2054: UserWarning: The random effects covariance matrix is singular.
  warnings.warn(_warn_cov_sing)
/export02/data/landelle/anaconda/envs/CL_brsc_aging_env_py10/lib/python3.10/site-packages/statsmodels/regression/mixed_linear_model.py:2245: UserWarning: The random effects covariance matrix is singular.
  warnings.warn(_warn_cov_sing)
/export02/data/landelle/anaconda/envs/CL_brsc_aging_env_py10/lib/python3.10/site-packages/statsmodels/regression/mixed_linear_model.py:2054: UserWarning: The random effects covariance matrix is singular.
  warnings.warn(_warn_cov_sing)
/export02/data/landelle/anaconda/envs/CL_brsc_aging_env_py10/lib/python3.10/site-packages/statsmodels/regression/mixed_linear_model.py:2245: UserWarning: The random effects covariance matrix is singular.
  warnings.warn(_warn_cov_sing)
/export02/data/landelle/anaconda/envs/CL_brsc_aging_env_py10/lib/python3.10/site-packages/statsmodels/regression/mixed_linear_model.py:2054: UserWarning: The random effects covariance matrix is singular.
  warnings.warn(_warn_cov_sing)
/export02/data/landelle/anaconda/envs/CL_brsc_aging_env_py10/lib/python3.10/site-packages/statsmodels/regression/mixed_linear_model.py:2245: UserWarning: The random effects covariance matrix is singular.
  warnings.warn(_warn_cov_sing)
/export02/data/landelle/anaconda/envs/CL_brsc_aging_env_py10/lib/python3.10/site-packages/statsmodels/regression/mixed_linear_model.py:2054: UserWarning: The random effects covariance matrix is singular.
  warnings.warn(_warn_cov_sing)
/export02/data/landelle/anaconda/envs/CL_brsc_aging_env_py10/lib/python3.10/site-packages/statsmodels/regression/mixed_linear_model.py:2245: UserWarning: The random effects covariance matrix is singular.
  warnings.warn(_warn_cov_sing)
/export02/data/landelle/anaconda/envs/CL_brsc_aging_env_py10/lib/python3.10/site-packages/statsmodels/regression/mixed_linear_model.py:2054: UserWarning: The random effects covariance matrix is singular.
  warnings.warn(_warn_cov_sing)
/export02/data/landelle/anaconda/envs/CL_brsc_aging_env_py10/lib/python3.10/site-packages/statsmodels/regression/mixed_linear_model.py:2245: UserWarning: The random effects covariance matrix is singular.
  warnings.warn(_warn_cov_sing)
/export02/data/landelle/anaconda/envs/CL_brsc_aging_env_py10/lib/python3.10/site-packages/statsmodels/regression/mixed_linear_model.py:2054: UserWarning: The random effects covariance matrix is singular.
  warnings.warn(_warn_cov_sing)
/export02/data/landelle/anaconda/envs/CL_brsc_aging_env_py10/lib/python3.10/site-packages/statsmodels/regression/mixed_linear_model.py:2245: UserWarning: The random effects covariance matrix is singular.
  warnings.warn(_warn_cov_sing)
/export02/data/landelle/anaconda/envs/CL_brsc_aging_env_py10/lib/python3.10/site-packages/statsmodels/regression/mixed_linear_model.py:2054: UserWarning: The random effects covariance matrix is singular.
  warnings.warn(_warn_cov_sing)
/export02/data/landelle/anaconda/envs/CL_brsc_aging_env_py10/lib/python3.10/site-packages/statsmodels/regression/mixed_linear_model.py:2245: UserWarning: The random effects covariance matrix is singular.
  warnings.warn(_warn_cov_sing)
/export02/data/landelle/anaconda/envs/CL_brsc_aging_env_py10/lib/python3.10/site-packages/statsmodels/regression/mixed_linear_model.py:2054: UserWarning: The random effects covariance matrix is singular.
  warnings.warn(_warn_cov_sing)
/export02/data/landelle/anaconda/envs/CL_brsc_aging_env_py10/lib/python3.10/site-packages/statsmodels/regression/mixed_linear_model.py:2245: UserWarning: The random effects covariance matrix is singular.
  warnings.warn(_warn_cov_sing)
/export02/data/landelle/anaconda/envs/CL_brsc_aging_env_py10/lib/python3.10/site-packages/statsmodels/regression/mixed_linear_model.py:2054: UserWarning: The random effects covariance matrix is singular.
  warnings.warn(_warn_cov_sing)
/export02/data/landelle/anaconda/envs/CL_brsc_aging_env_py10/lib/python3.10/site-packages/statsmodels/regression/mixed_linear_model.py:2245: UserWarning: The random effects covariance matrix is singular.
  warnings.warn(_warn_cov_sing)
/export02/data/landelle/anaconda/envs/CL_brsc_aging_env_py10/lib/python3.10/site-packages/statsmodels/regression/mixed_linear_model.py:2054: UserWarning: The random effects covariance matrix is singular.
  warnings.warn(_warn_cov_sing)
/export02/data/landelle/anaconda/envs/CL_brsc_aging_env_py10/lib/python3.10/site-packages/statsmodels/regression/mixed_linear_model.py:2245: UserWarning: The random effects covariance matrix is singular.
  warnings.warn(_warn_cov_sing)
/export02/data/landelle/anaconda/envs/CL_brsc_aging_env_py10/lib/python3.10/site-packages/statsmodels/regression/mixed_linear_model.py:2054: UserWarning: The random effects covariance matrix is singular.
  warnings.warn(_warn_cov_sing)
/export02/data/landelle/anaconda/envs/CL_brsc_aging_env_py10/lib/python3.10/site-packages/statsmodels/regression/mixed_linear_model.py:2245: UserWarning: The random effects covariance matrix is singular.
  warnings.warn(_warn_cov_sing)
/export02/data/landelle/anaconda/envs/CL_brsc_aging_env_py10/lib/python3.10/site-packages/statsmodels/regression/mixed_linear_model.py:2054: UserWarning: The random effects covariance matrix is singular.
  warnings.warn(_warn_cov_sing)
/export02/data/landelle/anaconda/envs/CL_brsc_aging_env_py10/lib/python3.10/site-packages/statsmodels/regression/mixed_linear_model.py:2245: UserWarning: The random effects covariance matrix is singular.
  warnings.warn(_warn_cov_sing)
/export02/data/landelle/anaconda/envs/CL_brsc_aging_env_py10/lib/python3.10/site-packages/statsmodels/regression/mixed_linear_model.py:2054: UserWarning: The random effects covariance matrix is singular.
  warnings.warn(_warn_cov_sing)
/export02/data/landelle/anaconda/envs/CL_brsc_aging_env_py10/lib/python3.10/site-packages/statsmodels/regression/mixed_linear_model.py:2245: UserWarning: The random effects covariance matrix is singular.
  warnings.warn(_warn_cov_sing)
/export02/data/landelle/anaconda/envs/CL_brsc_aging_env_py10/lib/python3.10/site-packages/statsmodels/regression/mixed_linear_model.py:2054: UserWarning: The random effects covariance matrix is singular.
  warnings.warn(_warn_cov_sing)
/export02/data/landelle/anaconda/envs/CL_brsc_aging_env_py10/lib/python3.10/site-packages/statsmodels/regression/mixed_linear_model.py:2245: UserWarning: The random effects covariance matrix is singular.
  warnings.warn(_warn_cov_sing)
/export02/data/landelle/anaconda/envs/CL_brsc_aging_env_py10/lib/python3.10/site-packages/statsmodels/regression/mixed_linear_model.py:2054: UserWarning: The random effects covariance matrix is singular.
  warnings.warn(_warn_cov_sing)
/export02/data/landelle/anaconda/envs/CL_brsc_aging_env_py10/lib/python3.10/site-packages/statsmodels/regression/mixed_linear_model.py:2245: UserWarning: The random effects covariance matrix is singular.
  warnings.warn(_warn_cov_sing)
/export02/data/landelle/anaconda/envs/CL_brsc_aging_env_py10/lib/python3.10/site-packages/statsmodels/regression/mixed_linear_model.py:2054: UserWarning: The random effects covariance matrix is singular.
  warnings.warn(_warn_cov_sing)
/export02/data/landelle/anaconda/envs/CL_brsc_aging_env_py10/lib/python3.10/site-packages/statsmodels/regression/mixed_linear_model.py:2245: UserWarning: The random effects covariance matrix is singular.
  warnings.warn(_warn_cov_sing)
/export02/data/landelle/anaconda/envs/CL_brsc_aging_env_py10/lib/python3.10/site-packages/statsmodels/regression/mixed_linear_model.py:2054: UserWarning: The random effects covariance matrix is singular.
  warnings.warn(_warn_cov_sing)
/export02/data/landelle/anaconda/envs/CL_brsc_aging_env_py10/lib/python3.10/site-packages/statsmodels/regression/mixed_linear_model.py:2245: UserWarning: The random effects covariance matrix is singular.
  warnings.warn(_warn_cov_sing)
/export02/data/landelle/anaconda/envs/CL_brsc_aging_env_py10/lib/python3.10/site-packages/statsmodels/regression/mixed_linear_model.py:2054: UserWarning: The random effects covariance matrix is singular.
  warnings.warn(_warn_cov_sing)
/export02/data/landelle/anaconda/envs/CL_brsc_aging_env_py10/lib/python3.10/site-packages/statsmodels/regression/mixed_linear_model.py:2245: UserWarning: The random effects covariance matrix is singular.
  warnings.warn(_warn_cov_sing)
/export02/data/landelle/anaconda/envs/CL_brsc_aging_env_py10/lib/python3.10/site-packages/statsmodels/regression/mixed_linear_model.py:2054: UserWarning: The random effects covariance matrix is singular.
  warnings.warn(_warn_cov_sing)
/export02/data/landelle/anaconda/envs/CL_brsc_aging_env_py10/lib/python3.10/site-packages/statsmodels/regression/mixed_linear_model.py:2245: UserWarning: The random effects covariance matrix is singular.
  warnings.warn(_warn_cov_sing)
/export02/data/landelle/anaconda/envs/CL_brsc_aging_env_py10/lib/python3.10/site-packages/statsmodels/regression/mixed_linear_model.py:2054: UserWarning: The random effects covariance matrix is singular.
  warnings.warn(_warn_cov_sing)
/export02/data/landelle/anaconda/envs/CL_brsc_aging_env_py10/lib/python3.10/site-packages/statsmodels/regression/mixed_linear_model.py:2245: UserWarning: The random effects covariance matrix is singular.
  warnings.warn(_warn_cov_sing)
/export02/data/landelle/anaconda/envs/CL_brsc_aging_env_py10/lib/python3.10/site-packages/statsmodels/regression/mixed_linear_model.py:2054: UserWarning: The random effects covariance matrix is singular.
  warnings.warn(_warn_cov_sing)
/export02/data/landelle/anaconda/envs/CL_brsc_aging_env_py10/lib/python3.10/site-packages/statsmodels/regression/mixed_linear_model.py:2245: UserWarning: The random effects covariance matrix is singular.
  warnings.warn(_warn_cov_sing)
/export02/data/landelle/anaconda/envs/CL_brsc_aging_env_py10/lib/python3.10/site-packages/statsmodels/regression/mixed_linear_model.py:2054: UserWarning: The random effects covariance matrix is singular.
  warnings.warn(_warn_cov_sing)
/export02/data/landelle/anaconda/envs/CL_brsc_aging_env_py10/lib/python3.10/site-packages/statsmodels/regression/mixed_linear_model.py:2245: UserWarning: The random effects covariance matrix is singular.
  warnings.warn(_warn_cov_sing)
/export02/data/landelle/anaconda/envs/CL_brsc_aging_env_py10/lib/python3.10/site-packages/statsmodels/regression/mixed_linear_model.py:2054: UserWarning: The random effects covariance matrix is singular.
  warnings.warn(_warn_cov_sing)
/export02/data/landelle/anaconda/envs/CL_brsc_aging_env_py10/lib/python3.10/site-packages/statsmodels/regression/mixed_linear_model.py:2245: UserWarning: The random effects covariance matrix is singular.
  warnings.warn(_warn_cov_sing)
/export02/data/landelle/anaconda/envs/CL_brsc_aging_env_py10/lib/python3.10/site-packages/statsmodels/regression/mixed_linear_model.py:2054: UserWarning: The random effects covariance matrix is singular.
  warnings.warn(_warn_cov_sing)
/export02/data/landelle/anaconda/envs/CL_brsc_aging_env_py10/lib/python3.10/site-packages/statsmodels/regression/mixed_linear_model.py:2245: UserWarning: The random effects covariance matrix is singular.
  warnings.warn(_warn_cov_sing)
/export02/data/landelle/anaconda/envs/CL_brsc_aging_env_py10/lib/python3.10/site-packages/statsmodels/regression/mixed_linear_model.py:2054: UserWarning: The random effects covariance matrix is singular.
  warnings.warn(_warn_cov_sing)
/export02/data/landelle/anaconda/envs/CL_brsc_aging_env_py10/lib/python3.10/site-packages/statsmodels/regression/mixed_linear_model.py:2245: UserWarning: The random effects covariance matrix is singular.
  warnings.warn(_warn_cov_sing)
/export02/data/landelle/anaconda/envs/CL_brsc_aging_env_py10/lib/python3.10/site-packages/statsmodels/regression/mixed_linear_model.py:2054: UserWarning: The random effects covariance matrix is singular.
  warnings.warn(_warn_cov_sing)
/export02/data/landelle/anaconda/envs/CL_brsc_aging_env_py10/lib/python3.10/site-packages/statsmodels/regression/mixed_linear_model.py:2245: UserWarning: The random effects covariance matrix is singular.
  warnings.warn(_warn_cov_sing)
/export02/data/landelle/anaconda/envs/CL_brsc_aging_env_py10/lib/python3.10/site-packages/statsmodels/regression/mixed_linear_model.py:2054: UserWarning: The random effects covariance matrix is singular.
  warnings.warn(_warn_cov_sing)
/export02/data/landelle/anaconda/envs/CL_brsc_aging_env_py10/lib/python3.10/site-packages/statsmodels/regression/mixed_linear_model.py:2245: UserWarning: The random effects covariance matrix is singular.
  warnings.warn(_warn_cov_sing)
/export02/data/landelle/anaconda/envs/CL_brsc_aging_env_py10/lib/python3.10/site-packages/statsmodels/regression/mixed_linear_model.py:2054: UserWarning: The random effects covariance matrix is singular.
  warnings.warn(_warn_cov_sing)
/export02/data/landelle/anaconda/envs/CL_brsc_aging_env_py10/lib/python3.10/site-packages/statsmodels/regression/mixed_linear_model.py:2245: UserWarning: The random effects covariance matrix is singular.
  warnings.warn(_warn_cov_sing)
/export02/data/landelle/anaconda/envs/CL_brsc_aging_env_py10/lib/python3.10/site-packages/statsmodels/regression/mixed_linear_model.py:2054: UserWarning: The random effects covariance matrix is singular.
  warnings.warn(_warn_cov_sing)
/export02/data/landelle/anaconda/envs/CL_brsc_aging_env_py10/lib/python3.10/site-packages/statsmodels/regression/mixed_linear_model.py:2245: UserWarning: The random effects covariance matrix is singular.
  warnings.warn(_warn_cov_sing)
/export02/data/landelle/anaconda/envs/CL_brsc_aging_env_py10/lib/python3.10/site-packages/statsmodels/regression/mixed_linear_model.py:2054: UserWarning: The random effects covariance matrix is singular.
  warnings.warn(_warn_cov_sing)
/export02/data/landelle/anaconda/envs/CL_brsc_aging_env_py10/lib/python3.10/site-packages/statsmodels/regression/mixed_linear_model.py:2245: UserWarning: The random effects covariance matrix is singular.
  warnings.warn(_warn_cov_sing)
/export02/data/landelle/anaconda/envs/CL_brsc_aging_env_py10/lib/python3.10/site-packages/statsmodels/regression/mixed_linear_model.py:2054: UserWarning: The random effects covariance matrix is singular.
  warnings.warn(_warn_cov_sing)
/export02/data/landelle/anaconda/envs/CL_brsc_aging_env_py10/lib/python3.10/site-packages/statsmodels/regression/mixed_linear_model.py:2245: UserWarning: The random effects covariance matrix is singular.
  warnings.warn(_warn_cov_sing)
/export02/data/landelle/anaconda/envs/CL_brsc_aging_env_py10/lib/python3.10/site-packages/statsmodels/regression/mixed_linear_model.py:2054: UserWarning: The random effects covariance matrix is singular.
  warnings.warn(_warn_cov_sing)
/export02/data/landelle/anaconda/envs/CL_brsc_aging_env_py10/lib/python3.10/site-packages/statsmodels/regression/mixed_linear_model.py:2245: UserWarning: The random effects covariance matrix is singular.
  warnings.warn(_warn_cov_sing)
/export02/data/landelle/anaconda/envs/CL_brsc_aging_env_py10/lib/python3.10/site-packages/statsmodels/regression/mixed_linear_model.py:2054: UserWarning: The random effects covariance matrix is singular.
  warnings.warn(_warn_cov_sing)
/export02/data/landelle/anaconda/envs/CL_brsc_aging_env_py10/lib/python3.10/site-packages/statsmodels/regression/mixed_linear_model.py:2245: UserWarning: The random effects covariance matrix is singular.
  warnings.warn(_warn_cov_sing)
/export02/data/landelle/anaconda/envs/CL_brsc_aging_env_py10/lib/python3.10/site-packages/statsmodels/regression/mixed_linear_model.py:2054: UserWarning: The random effects covariance matrix is singular.
  warnings.warn(_warn_cov_sing)
/export02/data/landelle/anaconda/envs/CL_brsc_aging_env_py10/lib/python3.10/site-packages/statsmodels/regression/mixed_linear_model.py:2245: UserWarning: The random effects covariance matrix is singular.
  warnings.warn(_warn_cov_sing)
/export02/data/landelle/anaconda/envs/CL_brsc_aging_env_py10/lib/python3.10/site-packages/statsmodels/regression/mixed_linear_model.py:2054: UserWarning: The random effects covariance matrix is singular.
  warnings.warn(_warn_cov_sing)
/export02/data/landelle/anaconda/envs/CL_brsc_aging_env_py10/lib/python3.10/site-packages/statsmodels/regression/mixed_linear_model.py:2245: UserWarning: The random effects covariance matrix is singular.
  warnings.warn(_warn_cov_sing)
/cerebro/cerebro1/dataset/bmpd/derivatives/Aging_project//figures/f02_functional_sc/preprint2025/features/brain/schaefer200_cobra/1_first_level/sim_matrix/sim_matrix_df_Schaefer200Cobra.csv
Cereb
Control
Default
DorsAttn
Limbic
SomMot
SubCx
VentAttn
Visuel
dorsal
ventral
Cereb
Control
acf_timescale Control p_age:0.02220063821441939
Default
DorsAttn
acf_timescale DorsAttn p_age:0.03902799907388046
Limbic
SomMot
acf_timescale SomMot p_age:0.022415712502390866
SubCx
VentAttn
Visuel
dorsal
acf_timescale dorsal p_age:0.00509391229972538
ventral
acf_timescale ventral p_age:0.04920681943036272
Cereb
ami2 Cereb p_age:0.029209643239660302
Control
Default
DorsAttn
Limbic
SomMot
SubCx
VentAttn
Visuel
dorsal
ventral
Cereb
Control
Default
DorsAttn
Limbic
SomMot
SubCx
VentAttn
trev VentAttn p_age:0.01800397640003943
Visuel
dorsal
ventral
Cereb
Control
Default
DorsAttn
Limbic
SomMot
SubCx
VentAttn
Visuel
dorsal
ventral
Cereb
Control
Default
DorsAttn
Limbic
SomMot
SubCx
VentAttn
Visuel
dorsal
ventral
Cereb
Control
Default
DorsAttn
Limbic
SomMot
transition_matrix SomMot p_age:0.03570889269716297
SubCx
VentAttn
Visuel
dorsal
ventral
Cereb
Control
embedding_dist Control p_age:0.016446626167057356
Default
DorsAttn
embedding_dist DorsAttn p_age:0.0468738357188861
Limbic
SomMot
embedding_dist SomMot p_age:0.002080124693826682
SubCx
VentAttn
Visuel
dorsal
embedding_dist dorsal p_age:0.03665004666387471
ventral
Cereb
Control
Default
DorsAttn
Limbic
SomMot
SubCx
VentAttn
Visuel
dorsal
ventral
Cereb
Control
Default
DorsAttn
Limbic
SomMot
SubCx
VentAttn
Visuel
dorsal
ventral
Cereb
Control
centroid_freq Control p_age:0.04801938018229736
Default
DorsAttn
Limbic
SomMot
SubCx
VentAttn
Visuel
dorsal
centroid_freq dorsal p_age:0.010119077392901712
ventral
Cereb
Control
entropy_pairs Control p_age:0.0011763543033170875
Default
DorsAttn
entropy_pairs DorsAttn p_age:0.006191633326792057
Limbic
SomMot
entropy_pairs SomMot p_age:0.002241998430722087
SubCx
VentAttn
Visuel
entropy_pairs Visuel p_age:0.048411192940397876
dorsal
ventral
Cereb
Control
Default
DorsAttn
Limbic
SomMot
SubCx
VentAttn
Visuel
dorsal
ventral
Cereb
Control
Default
dfa Default p_age:0.041620736588918884
DorsAttn
Limbic
SomMot
SubCx
VentAttn
Visuel
dorsal
ventral
Cereb
Control
Default
DorsAttn
Limbic
SomMot
SubCx
VentAttn
Visuel
dorsal
low_freq_power dorsal p_age:0.0038006189312668063
ventral
Cereb
Control
Default
DorsAttn
Limbic
SomMot
SubCx
VentAttn
Visuel
dorsal
forecast_error dorsal p_age:0.0014298611997817904
ventral
forecast_error ventral p_age:0.012332689404998437
Cereb
Control
mean Control p_age:0.01465332780309235
Default
mean Default p_age:0.018683968422362703
DorsAttn
mean DorsAttn p_age:0.024910822097463148
Limbic
SomMot
mean SomMot p_age:0.004345302021621408
SubCx
VentAttn
mean VentAttn p_age:0.011691965308806835
Visuel
dorsal
ventral
Cereb
Control
Default
DorsAttn
Limbic
SomMot
SubCx
VentAttn
Visuel
dorsal
ventral
Cereb
Control
Default
DorsAttn
Limbic
SomMot
SubCx
VentAttn
Visuel
dorsal
ventral
